{"C:\\xampp\\htdocs\\Proyectos-Porfolio\\Manicura-turnos\\backend\\src\\modules\\appointment\\appointment.service.js": {"path":"C:\\xampp\\htdocs\\Proyectos-Porfolio\\Manicura-turnos\\backend\\src\\modules\\appointment\\appointment.service.js","statementMap":{"0":{"start":{"line":3,"column":19},"end":{"line":7,"column":1}},"1":{"start":{"line":4,"column":16},"end":{"line":4,"column":34}},"2":{"start":{"line":5,"column":2},"end":{"line":5,"column":24}},"3":{"start":{"line":6,"column":2},"end":{"line":6,"column":14}},"4":{"start":{"line":9,"column":27},"end":{"line":176,"column":1}},"5":{"start":{"line":11,"column":55},"end":{"line":11,"column":59}},"6":{"start":{"line":12,"column":19},"end":{"line":12,"column":26}},"7":{"start":{"line":14,"column":4},"end":{"line":16,"column":5}},"8":{"start":{"line":15,"column":6},"end":{"line":15,"column":80}},"9":{"start":{"line":18,"column":28},"end":{"line":18,"column":47}},"10":{"start":{"line":19,"column":27},"end":{"line":19,"column":45}},"11":{"start":{"line":21,"column":4},"end":{"line":23,"column":5}},"12":{"start":{"line":22,"column":6},"end":{"line":22,"column":66}},"13":{"start":{"line":25,"column":20},"end":{"line":25,"column":34}},"14":{"start":{"line":27,"column":4},"end":{"line":29,"column":5}},"15":{"start":{"line":28,"column":6},"end":{"line":28,"column":46}},"16":{"start":{"line":31,"column":4},"end":{"line":33,"column":5}},"17":{"start":{"line":32,"column":6},"end":{"line":32,"column":64}},"18":{"start":{"line":35,"column":25},"end":{"line":38,"column":5}},"19":{"start":{"line":40,"column":4},"end":{"line":42,"column":5}},"20":{"start":{"line":41,"column":6},"end":{"line":41,"column":72}},"21":{"start":{"line":44,"column":26},"end":{"line":47,"column":5}},"22":{"start":{"line":49,"column":4},"end":{"line":51,"column":5}},"23":{"start":{"line":50,"column":6},"end":{"line":50,"column":73}},"24":{"start":{"line":53,"column":32},"end":{"line":56,"column":5}},"25":{"start":{"line":58,"column":4},"end":{"line":60,"column":5}},"26":{"start":{"line":59,"column":6},"end":{"line":59,"column":64}},"27":{"start":{"line":62,"column":4},"end":{"line":68,"column":7}},"28":{"start":{"line":72,"column":16},"end":{"line":72,"column":18}},"29":{"start":{"line":74,"column":4},"end":{"line":76,"column":5}},"30":{"start":{"line":75,"column":6},"end":{"line":75,"column":29}},"31":{"start":{"line":78,"column":4},"end":{"line":78,"column":48}},"32":{"start":{"line":82,"column":26},"end":{"line":82,"column":38}},"33":{"start":{"line":84,"column":24},"end":{"line":84,"column":75}},"34":{"start":{"line":86,"column":4},"end":{"line":88,"column":5}},"35":{"start":{"line":87,"column":6},"end":{"line":87,"column":48}},"36":{"start":{"line":90,"column":4},"end":{"line":92,"column":5}},"37":{"start":{"line":91,"column":6},"end":{"line":91,"column":61}},"38":{"start":{"line":94,"column":4},"end":{"line":94,"column":23}},"39":{"start":{"line":98,"column":26},"end":{"line":98,"column":38}},"40":{"start":{"line":99,"column":63},"end":{"line":99,"column":67}},"41":{"start":{"line":102,"column":6},"end":{"line":102,"column":57}},"42":{"start":{"line":104,"column":4},"end":{"line":106,"column":5}},"43":{"start":{"line":105,"column":6},"end":{"line":105,"column":48}},"44":{"start":{"line":108,"column":4},"end":{"line":110,"column":5}},"45":{"start":{"line":109,"column":6},"end":{"line":109,"column":67}},"46":{"start":{"line":112,"column":16},"end":{"line":112,"column":26}},"47":{"start":{"line":113,"column":19},"end":{"line":113,"column":49}},"48":{"start":{"line":115,"column":20},"end":{"line":115,"column":68}},"49":{"start":{"line":117,"column":4},"end":{"line":119,"column":5}},"50":{"start":{"line":118,"column":6},"end":{"line":118,"column":46}},"51":{"start":{"line":121,"column":4},"end":{"line":123,"column":5}},"52":{"start":{"line":122,"column":6},"end":{"line":122,"column":62}},"53":{"start":{"line":125,"column":4},"end":{"line":136,"column":5}},"54":{"start":{"line":126,"column":6},"end":{"line":131,"column":7}},"55":{"start":{"line":127,"column":8},"end":{"line":130,"column":10}},"56":{"start":{"line":133,"column":6},"end":{"line":135,"column":7}},"57":{"start":{"line":134,"column":8},"end":{"line":134,"column":78}},"58":{"start":{"line":138,"column":4},"end":{"line":148,"column":5}},"59":{"start":{"line":139,"column":23},"end":{"line":143,"column":7}},"60":{"start":{"line":145,"column":6},"end":{"line":147,"column":7}},"61":{"start":{"line":146,"column":8},"end":{"line":146,"column":68}},"62":{"start":{"line":150,"column":4},"end":{"line":156,"column":7}},"63":{"start":{"line":160,"column":26},"end":{"line":160,"column":38}},"64":{"start":{"line":162,"column":24},"end":{"line":162,"column":75}},"65":{"start":{"line":164,"column":4},"end":{"line":166,"column":5}},"66":{"start":{"line":165,"column":6},"end":{"line":165,"column":48}},"67":{"start":{"line":168,"column":4},"end":{"line":170,"column":5}},"68":{"start":{"line":169,"column":6},"end":{"line":169,"column":66}},"69":{"start":{"line":172,"column":4},"end":{"line":172,"column":54}},"70":{"start":{"line":174,"column":4},"end":{"line":174,"column":16}}},"fnMap":{"0":{"name":"(anonymous_0)","decl":{"start":{"line":3,"column":19},"end":{"line":3,"column":20}},"loc":{"start":{"line":3,"column":40},"end":{"line":7,"column":1}},"line":3},"1":{"name":"(anonymous_1)","decl":{"start":{"line":10,"column":10},"end":{"line":10,"column":11}},"loc":{"start":{"line":10,"column":32},"end":{"line":69,"column":3}},"line":10},"2":{"name":"(anonymous_2)","decl":{"start":{"line":71,"column":10},"end":{"line":71,"column":11}},"loc":{"start":{"line":71,"column":26},"end":{"line":79,"column":3}},"line":71},"3":{"name":"(anonymous_3)","decl":{"start":{"line":81,"column":10},"end":{"line":81,"column":11}},"loc":{"start":{"line":81,"column":30},"end":{"line":95,"column":3}},"line":81},"4":{"name":"(anonymous_4)","decl":{"start":{"line":97,"column":10},"end":{"line":97,"column":11}},"loc":{"start":{"line":97,"column":36},"end":{"line":157,"column":3}},"line":97},"5":{"name":"(anonymous_5)","decl":{"start":{"line":159,"column":10},"end":{"line":159,"column":11}},"loc":{"start":{"line":159,"column":30},"end":{"line":175,"column":3}},"line":159}},"branchMap":{"0":{"loc":{"start":{"line":14,"column":4},"end":{"line":16,"column":5}},"type":"if","locations":[{"start":{"line":14,"column":4},"end":{"line":16,"column":5}},{"start":{},"end":{}}],"line":14},"1":{"loc":{"start":{"line":14,"column":8},"end":{"line":14,"column":40}},"type":"binary-expr","locations":[{"start":{"line":14,"column":8},"end":{"line":14,"column":18}},{"start":{"line":14,"column":22},"end":{"line":14,"column":31}},{"start":{"line":14,"column":35},"end":{"line":14,"column":40}}],"line":14},"2":{"loc":{"start":{"line":21,"column":4},"end":{"line":23,"column":5}},"type":"if","locations":[{"start":{"line":21,"column":4},"end":{"line":23,"column":5}},{"start":{},"end":{}}],"line":21},"3":{"loc":{"start":{"line":21,"column":8},"end":{"line":21,"column":55}},"type":"binary-expr","locations":[{"start":{"line":21,"column":8},"end":{"line":21,"column":30}},{"start":{"line":21,"column":34},"end":{"line":21,"column":55}}],"line":21},"4":{"loc":{"start":{"line":27,"column":4},"end":{"line":29,"column":5}},"type":"if","locations":[{"start":{"line":27,"column":4},"end":{"line":29,"column":5}},{"start":{},"end":{}}],"line":27},"5":{"loc":{"start":{"line":31,"column":4},"end":{"line":33,"column":5}},"type":"if","locations":[{"start":{"line":31,"column":4},"end":{"line":33,"column":5}},{"start":{},"end":{}}],"line":31},"6":{"loc":{"start":{"line":40,"column":4},"end":{"line":42,"column":5}},"type":"if","locations":[{"start":{"line":40,"column":4},"end":{"line":42,"column":5}},{"start":{},"end":{}}],"line":40},"7":{"loc":{"start":{"line":49,"column":4},"end":{"line":51,"column":5}},"type":"if","locations":[{"start":{"line":49,"column":4},"end":{"line":51,"column":5}},{"start":{},"end":{}}],"line":49},"8":{"loc":{"start":{"line":58,"column":4},"end":{"line":60,"column":5}},"type":"if","locations":[{"start":{"line":58,"column":4},"end":{"line":60,"column":5}},{"start":{},"end":{}}],"line":58},"9":{"loc":{"start":{"line":66,"column":19},"end":{"line":66,"column":38}},"type":"binary-expr","locations":[{"start":{"line":66,"column":19},"end":{"line":66,"column":30}},{"start":{"line":66,"column":34},"end":{"line":66,"column":38}}],"line":66},"10":{"loc":{"start":{"line":74,"column":4},"end":{"line":76,"column":5}},"type":"if","locations":[{"start":{"line":74,"column":4},"end":{"line":76,"column":5}},{"start":{},"end":{}}],"line":74},"11":{"loc":{"start":{"line":86,"column":4},"end":{"line":88,"column":5}},"type":"if","locations":[{"start":{"line":86,"column":4},"end":{"line":88,"column":5}},{"start":{},"end":{}}],"line":86},"12":{"loc":{"start":{"line":90,"column":4},"end":{"line":92,"column":5}},"type":"if","locations":[{"start":{"line":90,"column":4},"end":{"line":92,"column":5}},{"start":{},"end":{}}],"line":90},"13":{"loc":{"start":{"line":90,"column":8},"end":{"line":90,"column":63}},"type":"binary-expr","locations":[{"start":{"line":90,"column":8},"end":{"line":90,"column":29}},{"start":{"line":90,"column":33},"end":{"line":90,"column":63}}],"line":90},"14":{"loc":{"start":{"line":104,"column":4},"end":{"line":106,"column":5}},"type":"if","locations":[{"start":{"line":104,"column":4},"end":{"line":106,"column":5}},{"start":{},"end":{}}],"line":104},"15":{"loc":{"start":{"line":108,"column":4},"end":{"line":110,"column":5}},"type":"if","locations":[{"start":{"line":108,"column":4},"end":{"line":110,"column":5}},{"start":{},"end":{}}],"line":108},"16":{"loc":{"start":{"line":108,"column":8},"end":{"line":108,"column":71}},"type":"binary-expr","locations":[{"start":{"line":108,"column":8},"end":{"line":108,"column":29}},{"start":{"line":108,"column":33},"end":{"line":108,"column":71}}],"line":108},"17":{"loc":{"start":{"line":115,"column":20},"end":{"line":115,"column":68}},"type":"cond-expr","locations":[{"start":{"line":115,"column":27},"end":{"line":115,"column":41}},{"start":{"line":115,"column":44},"end":{"line":115,"column":68}}],"line":115},"18":{"loc":{"start":{"line":117,"column":4},"end":{"line":119,"column":5}},"type":"if","locations":[{"start":{"line":117,"column":4},"end":{"line":119,"column":5}},{"start":{},"end":{}}],"line":117},"19":{"loc":{"start":{"line":117,"column":8},"end":{"line":117,"column":40}},"type":"binary-expr","locations":[{"start":{"line":117,"column":8},"end":{"line":117,"column":12}},{"start":{"line":117,"column":16},"end":{"line":117,"column":40}}],"line":117},"20":{"loc":{"start":{"line":121,"column":4},"end":{"line":123,"column":5}},"type":"if","locations":[{"start":{"line":121,"column":4},"end":{"line":123,"column":5}},{"start":{},"end":{}}],"line":121},"21":{"loc":{"start":{"line":121,"column":8},"end":{"line":121,"column":29}},"type":"binary-expr","locations":[{"start":{"line":121,"column":8},"end":{"line":121,"column":12}},{"start":{"line":121,"column":16},"end":{"line":121,"column":29}}],"line":121},"22":{"loc":{"start":{"line":125,"column":4},"end":{"line":136,"column":5}},"type":"if","locations":[{"start":{"line":125,"column":4},"end":{"line":136,"column":5}},{"start":{},"end":{}}],"line":125},"23":{"loc":{"start":{"line":126,"column":6},"end":{"line":131,"column":7}},"type":"if","locations":[{"start":{"line":126,"column":6},"end":{"line":131,"column":7}},{"start":{},"end":{}}],"line":126},"24":{"loc":{"start":{"line":126,"column":10},"end":{"line":126,"column":73}},"type":"binary-expr","locations":[{"start":{"line":126,"column":10},"end":{"line":126,"column":18}},{"start":{"line":126,"column":22},"end":{"line":126,"column":73}}],"line":126},"25":{"loc":{"start":{"line":133,"column":6},"end":{"line":135,"column":7}},"type":"if","locations":[{"start":{"line":133,"column":6},"end":{"line":135,"column":7}},{"start":{},"end":{}}],"line":133},"26":{"loc":{"start":{"line":138,"column":4},"end":{"line":148,"column":5}},"type":"if","locations":[{"start":{"line":138,"column":4},"end":{"line":148,"column":5}},{"start":{},"end":{}}],"line":138},"27":{"loc":{"start":{"line":145,"column":6},"end":{"line":147,"column":7}},"type":"if","locations":[{"start":{"line":145,"column":6},"end":{"line":147,"column":7}},{"start":{},"end":{}}],"line":145},"28":{"loc":{"start":{"line":151,"column":17},"end":{"line":151,"column":60}},"type":"cond-expr","locations":[{"start":{"line":151,"column":29},"end":{"line":151,"column":48}},{"start":{"line":151,"column":51},"end":{"line":151,"column":60}}],"line":151},"29":{"loc":{"start":{"line":152,"column":16},"end":{"line":152,"column":78}},"type":"cond-expr","locations":[{"start":{"line":152,"column":25},"end":{"line":152,"column":34}},{"start":{"line":152,"column":37},"end":{"line":152,"column":78}}],"line":152},"30":{"loc":{"start":{"line":152,"column":37},"end":{"line":152,"column":78}},"type":"cond-expr","locations":[{"start":{"line":152,"column":48},"end":{"line":152,"column":66}},{"start":{"line":152,"column":69},"end":{"line":152,"column":78}}],"line":152},"31":{"loc":{"start":{"line":153,"column":12},"end":{"line":153,"column":38}},"type":"cond-expr","locations":[{"start":{"line":153,"column":19},"end":{"line":153,"column":26}},{"start":{"line":153,"column":29},"end":{"line":153,"column":38}}],"line":153},"32":{"loc":{"start":{"line":154,"column":14},"end":{"line":154,"column":33}},"type":"binary-expr","locations":[{"start":{"line":154,"column":14},"end":{"line":154,"column":20}},{"start":{"line":154,"column":24},"end":{"line":154,"column":33}}],"line":154},"33":{"loc":{"start":{"line":155,"column":19},"end":{"line":155,"column":43}},"type":"binary-expr","locations":[{"start":{"line":155,"column":19},"end":{"line":155,"column":30}},{"start":{"line":155,"column":34},"end":{"line":155,"column":43}}],"line":155},"34":{"loc":{"start":{"line":164,"column":4},"end":{"line":166,"column":5}},"type":"if","locations":[{"start":{"line":164,"column":4},"end":{"line":166,"column":5}},{"start":{},"end":{}}],"line":164},"35":{"loc":{"start":{"line":168,"column":4},"end":{"line":170,"column":5}},"type":"if","locations":[{"start":{"line":168,"column":4},"end":{"line":170,"column":5}},{"start":{},"end":{}}],"line":168},"36":{"loc":{"start":{"line":168,"column":8},"end":{"line":168,"column":63}},"type":"binary-expr","locations":[{"start":{"line":168,"column":8},"end":{"line":168,"column":29}},{"start":{"line":168,"column":33},"end":{"line":168,"column":63}}],"line":168}},"s":{"0":1,"1":14,"2":14,"3":14,"4":1,"5":6,"6":6,"7":6,"8":1,"9":5,"10":5,"11":5,"12":1,"13":4,"14":4,"15":0,"16":4,"17":1,"18":3,"19":3,"20":1,"21":2,"22":2,"23":0,"24":2,"25":2,"26":1,"27":1,"28":1,"29":1,"30":1,"31":1,"32":3,"33":3,"34":3,"35":1,"36":2,"37":1,"38":1,"39":6,"40":6,"41":6,"42":6,"43":1,"44":5,"45":1,"46":4,"47":4,"48":4,"49":4,"50":1,"51":3,"52":1,"53":2,"54":0,"55":0,"56":0,"57":0,"58":2,"59":2,"60":2,"61":1,"62":1,"63":3,"64":3,"65":3,"66":1,"67":2,"68":1,"69":1,"70":1},"f":{"0":14,"1":6,"2":1,"3":3,"4":6,"5":3},"b":{"0":[1,5],"1":[6,6,5],"2":[1,4],"3":[5,4],"4":[0,4],"5":[1,3],"6":[1,2],"7":[0,2],"8":[1,1],"9":[1,0],"10":[1,0],"11":[1,2],"12":[1,1],"13":[2,2],"14":[1,5],"15":[1,4],"16":[5,5],"17":[4,0],"18":[1,3],"19":[4,4],"20":[1,2],"21":[3,3],"22":[0,2],"23":[0,0],"24":[0,0],"25":[0,0],"26":[2,0],"27":[1,1],"28":[0,1],"29":[0,1],"30":[0,1],"31":[1,0],"32":[1,1],"33":[1,1],"34":[1,2],"35":[1,1],"36":[2,2]},"inputSourceMap":null,"_coverageSchema":"1a1c01bbd47fc00a2c39e90264f33305004495a9","hash":"b6c272d491eab912802c2d6293e93047133b42bb"}
,"C:\\xampp\\htdocs\\Proyectos-Porfolio\\Manicura-turnos\\backend\\src\\modules\\appointmentFilters\\appointmentFilters.service.js": {"path":"C:\\xampp\\htdocs\\Proyectos-Porfolio\\Manicura-turnos\\backend\\src\\modules\\appointmentFilters\\appointmentFilters.service.js","statementMap":{"0":{"start":{"line":3,"column":34},"end":{"line":35,"column":1}},"1":{"start":{"line":5,"column":20},"end":{"line":5,"column":22}},"2":{"start":{"line":7,"column":4},"end":{"line":7,"column":40}},"3":{"start":{"line":7,"column":16},"end":{"line":7,"column":40}},"4":{"start":{"line":9,"column":4},"end":{"line":31,"column":5}},"5":{"start":{"line":10,"column":6},"end":{"line":10,"column":24}},"6":{"start":{"line":12,"column":6},"end":{"line":20,"column":7}},"7":{"start":{"line":13,"column":22},"end":{"line":13,"column":41}},"8":{"start":{"line":14,"column":8},"end":{"line":18,"column":9}},"9":{"start":{"line":15,"column":24},"end":{"line":15,"column":55}},"10":{"start":{"line":16,"column":10},"end":{"line":16,"column":29}},"11":{"start":{"line":17,"column":10},"end":{"line":17,"column":22}},"12":{"start":{"line":19,"column":8},"end":{"line":19,"column":33}},"13":{"start":{"line":22,"column":6},"end":{"line":30,"column":7}},"14":{"start":{"line":23,"column":20},"end":{"line":23,"column":37}},"15":{"start":{"line":24,"column":8},"end":{"line":28,"column":9}},"16":{"start":{"line":25,"column":24},"end":{"line":25,"column":53}},"17":{"start":{"line":26,"column":10},"end":{"line":26,"column":29}},"18":{"start":{"line":27,"column":10},"end":{"line":27,"column":22}},"19":{"start":{"line":29,"column":8},"end":{"line":29,"column":31}},"20":{"start":{"line":33,"column":4},"end":{"line":33,"column":56}}},"fnMap":{"0":{"name":"(anonymous_0)","decl":{"start":{"line":4,"column":22},"end":{"line":4,"column":23}},"loc":{"start":{"line":4,"column":64},"end":{"line":34,"column":3}},"line":4}},"branchMap":{"0":{"loc":{"start":{"line":7,"column":4},"end":{"line":7,"column":40}},"type":"if","locations":[{"start":{"line":7,"column":4},"end":{"line":7,"column":40}},{"start":{},"end":{}}],"line":7},"1":{"loc":{"start":{"line":9,"column":4},"end":{"line":31,"column":5}},"type":"if","locations":[{"start":{"line":9,"column":4},"end":{"line":31,"column":5}},{"start":{},"end":{}}],"line":9},"2":{"loc":{"start":{"line":9,"column":8},"end":{"line":9,"column":28}},"type":"binary-expr","locations":[{"start":{"line":9,"column":8},"end":{"line":9,"column":17}},{"start":{"line":9,"column":21},"end":{"line":9,"column":28}}],"line":9},"3":{"loc":{"start":{"line":12,"column":6},"end":{"line":20,"column":7}},"type":"if","locations":[{"start":{"line":12,"column":6},"end":{"line":20,"column":7}},{"start":{},"end":{}}],"line":12},"4":{"loc":{"start":{"line":14,"column":8},"end":{"line":18,"column":9}},"type":"if","locations":[{"start":{"line":14,"column":8},"end":{"line":18,"column":9}},{"start":{},"end":{}}],"line":14},"5":{"loc":{"start":{"line":22,"column":6},"end":{"line":30,"column":7}},"type":"if","locations":[{"start":{"line":22,"column":6},"end":{"line":30,"column":7}},{"start":{},"end":{}}],"line":22},"6":{"loc":{"start":{"line":24,"column":8},"end":{"line":28,"column":9}},"type":"if","locations":[{"start":{"line":24,"column":8},"end":{"line":28,"column":9}},{"start":{},"end":{}}],"line":24}},"s":{"0":1,"1":5,"2":5,"3":2,"4":5,"5":4,"6":4,"7":3,"8":3,"9":1,"10":1,"11":1,"12":2,"13":3,"14":2,"15":2,"16":1,"17":1,"18":1,"19":1,"20":3},"f":{"0":5},"b":{"0":[2,3],"1":[4,1],"2":[5,2],"3":[3,1],"4":[1,2],"5":[2,1],"6":[1,1]},"inputSourceMap":null,"_coverageSchema":"1a1c01bbd47fc00a2c39e90264f33305004495a9","hash":"fa3a0dd6d3e9d049057e84603e83a3a67268c9ed"}
,"C:\\xampp\\htdocs\\Proyectos-Porfolio\\Manicura-turnos\\backend\\src\\modules\\auth\\auth.service.js": {"path":"C:\\xampp\\htdocs\\Proyectos-Porfolio\\Manicura-turnos\\backend\\src\\modules\\auth\\auth.service.js","statementMap":{"0":{"start":{"line":5,"column":20},"end":{"line":134,"column":1}},"1":{"start":{"line":7,"column":63},"end":{"line":7,"column":67}},"2":{"start":{"line":9,"column":23},"end":{"line":9,"column":65}},"3":{"start":{"line":11,"column":4},"end":{"line":15,"column":5}},"4":{"start":{"line":12,"column":20},"end":{"line":12,"column":74}},"5":{"start":{"line":13,"column":6},"end":{"line":13,"column":25}},"6":{"start":{"line":14,"column":6},"end":{"line":14,"column":18}},"7":{"start":{"line":17,"column":4},"end":{"line":23,"column":5}},"8":{"start":{"line":18,"column":20},"end":{"line":20,"column":7}},"9":{"start":{"line":21,"column":6},"end":{"line":21,"column":25}},"10":{"start":{"line":22,"column":6},"end":{"line":22,"column":18}},"11":{"start":{"line":25,"column":22},"end":{"line":25,"column":33}},"12":{"start":{"line":26,"column":25},"end":{"line":26,"column":39}},"13":{"start":{"line":27,"column":26},"end":{"line":27,"column":41}},"14":{"start":{"line":28,"column":23},"end":{"line":28,"column":35}},"15":{"start":{"line":30,"column":4},"end":{"line":34,"column":5}},"16":{"start":{"line":31,"column":20},"end":{"line":31,"column":66}},"17":{"start":{"line":32,"column":6},"end":{"line":32,"column":25}},"18":{"start":{"line":33,"column":6},"end":{"line":33,"column":18}},"19":{"start":{"line":36,"column":25},"end":{"line":36,"column":75}},"20":{"start":{"line":38,"column":27},"end":{"line":38,"column":58}},"21":{"start":{"line":40,"column":4},"end":{"line":59,"column":5}},"22":{"start":{"line":41,"column":25},"end":{"line":44,"column":7}},"23":{"start":{"line":46,"column":6},"end":{"line":50,"column":7}},"24":{"start":{"line":47,"column":22},"end":{"line":47,"column":66}},"25":{"start":{"line":48,"column":8},"end":{"line":48,"column":27}},"26":{"start":{"line":49,"column":8},"end":{"line":49,"column":20}},"27":{"start":{"line":52,"column":6},"end":{"line":58,"column":9}},"28":{"start":{"line":61,"column":4},"end":{"line":65,"column":5}},"29":{"start":{"line":62,"column":20},"end":{"line":62,"column":53}},"30":{"start":{"line":63,"column":6},"end":{"line":63,"column":25}},"31":{"start":{"line":64,"column":6},"end":{"line":64,"column":18}},"32":{"start":{"line":67,"column":26},"end":{"line":67,"column":73}},"33":{"start":{"line":69,"column":4},"end":{"line":73,"column":5}},"34":{"start":{"line":70,"column":20},"end":{"line":70,"column":64}},"35":{"start":{"line":71,"column":6},"end":{"line":71,"column":25}},"36":{"start":{"line":72,"column":6},"end":{"line":72,"column":18}},"37":{"start":{"line":75,"column":4},"end":{"line":84,"column":7}},"38":{"start":{"line":88,"column":35},"end":{"line":88,"column":39}},"39":{"start":{"line":90,"column":4},"end":{"line":94,"column":5}},"40":{"start":{"line":91,"column":20},"end":{"line":91,"column":70}},"41":{"start":{"line":92,"column":6},"end":{"line":92,"column":25}},"42":{"start":{"line":93,"column":6},"end":{"line":93,"column":18}},"43":{"start":{"line":96,"column":17},"end":{"line":96,"column":62}},"44":{"start":{"line":98,"column":4},"end":{"line":102,"column":5}},"45":{"start":{"line":99,"column":20},"end":{"line":99,"column":54}},"46":{"start":{"line":100,"column":6},"end":{"line":100,"column":25}},"47":{"start":{"line":101,"column":6},"end":{"line":101,"column":18}},"48":{"start":{"line":104,"column":4},"end":{"line":108,"column":5}},"49":{"start":{"line":105,"column":20},"end":{"line":105,"column":60}},"50":{"start":{"line":106,"column":6},"end":{"line":106,"column":25}},"51":{"start":{"line":107,"column":6},"end":{"line":107,"column":18}},"52":{"start":{"line":110,"column":20},"end":{"line":110,"column":65}},"53":{"start":{"line":112,"column":4},"end":{"line":116,"column":5}},"54":{"start":{"line":113,"column":20},"end":{"line":113,"column":54}},"55":{"start":{"line":114,"column":6},"end":{"line":114,"column":25}},"56":{"start":{"line":115,"column":6},"end":{"line":115,"column":18}},"57":{"start":{"line":118,"column":18},"end":{"line":122,"column":5}},"58":{"start":{"line":124,"column":4},"end":{"line":132,"column":6}}},"fnMap":{"0":{"name":"(anonymous_0)","decl":{"start":{"line":6,"column":12},"end":{"line":6,"column":13}},"loc":{"start":{"line":6,"column":34},"end":{"line":85,"column":3}},"line":6},"1":{"name":"(anonymous_1)","decl":{"start":{"line":87,"column":9},"end":{"line":87,"column":10}},"loc":{"start":{"line":87,"column":25},"end":{"line":133,"column":3}},"line":87}},"branchMap":{"0":{"loc":{"start":{"line":11,"column":4},"end":{"line":15,"column":5}},"type":"if","locations":[{"start":{"line":11,"column":4},"end":{"line":15,"column":5}},{"start":{},"end":{}}],"line":11},"1":{"loc":{"start":{"line":11,"column":8},"end":{"line":11,"column":50}},"type":"binary-expr","locations":[{"start":{"line":11,"column":8},"end":{"line":11,"column":19}},{"start":{"line":11,"column":23},"end":{"line":11,"column":50}}],"line":11},"2":{"loc":{"start":{"line":17,"column":4},"end":{"line":23,"column":5}},"type":"if","locations":[{"start":{"line":17,"column":4},"end":{"line":23,"column":5}},{"start":{},"end":{}}],"line":17},"3":{"loc":{"start":{"line":17,"column":8},"end":{"line":17,"column":61}},"type":"binary-expr","locations":[{"start":{"line":17,"column":8},"end":{"line":17,"column":13}},{"start":{"line":17,"column":17},"end":{"line":17,"column":25}},{"start":{"line":17,"column":29},"end":{"line":17,"column":38}},{"start":{"line":17,"column":42},"end":{"line":17,"column":51}},{"start":{"line":17,"column":55},"end":{"line":17,"column":61}}],"line":17},"4":{"loc":{"start":{"line":30,"column":4},"end":{"line":34,"column":5}},"type":"if","locations":[{"start":{"line":30,"column":4},"end":{"line":34,"column":5}},{"start":{},"end":{}}],"line":30},"5":{"loc":{"start":{"line":30,"column":8},"end":{"line":30,"column":68}},"type":"binary-expr","locations":[{"start":{"line":30,"column":8},"end":{"line":30,"column":18}},{"start":{"line":30,"column":22},"end":{"line":30,"column":35}},{"start":{"line":30,"column":39},"end":{"line":30,"column":53}},{"start":{"line":30,"column":57},"end":{"line":30,"column":68}}],"line":30},"6":{"loc":{"start":{"line":40,"column":4},"end":{"line":59,"column":5}},"type":"if","locations":[{"start":{"line":40,"column":4},"end":{"line":59,"column":5}},{"start":{},"end":{}}],"line":40},"7":{"loc":{"start":{"line":40,"column":8},"end":{"line":40,"column":55}},"type":"binary-expr","locations":[{"start":{"line":40,"column":8},"end":{"line":40,"column":20}},{"start":{"line":40,"column":24},"end":{"line":40,"column":55}}],"line":40},"8":{"loc":{"start":{"line":46,"column":6},"end":{"line":50,"column":7}},"type":"if","locations":[{"start":{"line":46,"column":6},"end":{"line":50,"column":7}},{"start":{},"end":{}}],"line":46},"9":{"loc":{"start":{"line":55,"column":14},"end":{"line":55,"column":28}},"type":"binary-expr","locations":[{"start":{"line":55,"column":14},"end":{"line":55,"column":18}},{"start":{"line":55,"column":22},"end":{"line":55,"column":28}}],"line":55},"10":{"loc":{"start":{"line":61,"column":4},"end":{"line":65,"column":5}},"type":"if","locations":[{"start":{"line":61,"column":4},"end":{"line":65,"column":5}},{"start":{},"end":{}}],"line":61},"11":{"loc":{"start":{"line":69,"column":4},"end":{"line":73,"column":5}},"type":"if","locations":[{"start":{"line":69,"column":4},"end":{"line":73,"column":5}},{"start":{},"end":{}}],"line":69},"12":{"loc":{"start":{"line":80,"column":12},"end":{"line":80,"column":26}},"type":"binary-expr","locations":[{"start":{"line":80,"column":12},"end":{"line":80,"column":16}},{"start":{"line":80,"column":20},"end":{"line":80,"column":26}}],"line":80},"13":{"loc":{"start":{"line":90,"column":4},"end":{"line":94,"column":5}},"type":"if","locations":[{"start":{"line":90,"column":4},"end":{"line":94,"column":5}},{"start":{},"end":{}}],"line":90},"14":{"loc":{"start":{"line":90,"column":8},"end":{"line":90,"column":30}},"type":"binary-expr","locations":[{"start":{"line":90,"column":8},"end":{"line":90,"column":17}},{"start":{"line":90,"column":21},"end":{"line":90,"column":30}}],"line":90},"15":{"loc":{"start":{"line":98,"column":4},"end":{"line":102,"column":5}},"type":"if","locations":[{"start":{"line":98,"column":4},"end":{"line":102,"column":5}},{"start":{},"end":{}}],"line":98},"16":{"loc":{"start":{"line":104,"column":4},"end":{"line":108,"column":5}},"type":"if","locations":[{"start":{"line":104,"column":4},"end":{"line":108,"column":5}},{"start":{},"end":{}}],"line":104},"17":{"loc":{"start":{"line":112,"column":4},"end":{"line":116,"column":5}},"type":"if","locations":[{"start":{"line":112,"column":4},"end":{"line":116,"column":5}},{"start":{},"end":{}}],"line":112}},"s":{"0":1,"1":5,"2":5,"3":5,"4":1,"5":1,"6":1,"7":4,"8":1,"9":1,"10":1,"11":3,"12":3,"13":3,"14":3,"15":3,"16":0,"17":0,"18":0,"19":3,"20":3,"21":3,"22":1,"23":1,"24":0,"25":0,"26":0,"27":1,"28":2,"29":1,"30":1,"31":1,"32":1,"33":1,"34":0,"35":0,"36":0,"37":1,"38":5,"39":5,"40":1,"41":1,"42":1,"43":4,"44":4,"45":1,"46":1,"47":1,"48":3,"49":1,"50":1,"51":1,"52":2,"53":2,"54":1,"55":1,"56":1,"57":1,"58":1},"f":{"0":5,"1":5},"b":{"0":[1,4],"1":[5,5],"2":[1,3],"3":[4,4,3,3,3],"4":[0,3],"5":[3,3,3,3],"6":[1,2],"7":[3,2],"8":[0,1],"9":[1,1],"10":[1,1],"11":[0,1],"12":[1,1],"13":[1,4],"14":[5,4],"15":[1,3],"16":[1,2],"17":[1,1]},"inputSourceMap":null,"_coverageSchema":"1a1c01bbd47fc00a2c39e90264f33305004495a9","hash":"a75083b3e648ed70dda480ad262be0f7766a9407"}
,"C:\\xampp\\htdocs\\Proyectos-Porfolio\\Manicura-turnos\\backend\\src\\modules\\client\\client.service.js": {"path":"C:\\xampp\\htdocs\\Proyectos-Porfolio\\Manicura-turnos\\backend\\src\\modules\\client\\client.service.js","statementMap":{"0":{"start":{"line":3,"column":22},"end":{"line":86,"column":1}},"1":{"start":{"line":5,"column":44},"end":{"line":5,"column":48}},"2":{"start":{"line":7,"column":4},"end":{"line":11,"column":5}},"3":{"start":{"line":8,"column":20},"end":{"line":8,"column":78}},"4":{"start":{"line":9,"column":6},"end":{"line":9,"column":25}},"5":{"start":{"line":10,"column":6},"end":{"line":10,"column":18}},"6":{"start":{"line":13,"column":4},"end":{"line":19,"column":7}},"7":{"start":{"line":23,"column":4},"end":{"line":23,"column":56}},"8":{"start":{"line":27,"column":19},"end":{"line":31,"column":5}},"9":{"start":{"line":33,"column":4},"end":{"line":37,"column":5}},"10":{"start":{"line":34,"column":20},"end":{"line":34,"column":54}},"11":{"start":{"line":35,"column":6},"end":{"line":35,"column":25}},"12":{"start":{"line":36,"column":6},"end":{"line":36,"column":18}},"13":{"start":{"line":39,"column":4},"end":{"line":39,"column":18}},"14":{"start":{"line":43,"column":19},"end":{"line":43,"column":77}},"15":{"start":{"line":45,"column":4},"end":{"line":49,"column":5}},"16":{"start":{"line":46,"column":20},"end":{"line":46,"column":70}},"17":{"start":{"line":47,"column":6},"end":{"line":47,"column":25}},"18":{"start":{"line":48,"column":6},"end":{"line":48,"column":18}},"19":{"start":{"line":51,"column":44},"end":{"line":51,"column":48}},"20":{"start":{"line":53,"column":4},"end":{"line":58,"column":7}},"21":{"start":{"line":62,"column":19},"end":{"line":66,"column":5}},"22":{"start":{"line":68,"column":4},"end":{"line":72,"column":5}},"23":{"start":{"line":69,"column":20},"end":{"line":69,"column":70}},"24":{"start":{"line":70,"column":6},"end":{"line":70,"column":25}},"25":{"start":{"line":71,"column":6},"end":{"line":71,"column":18}},"26":{"start":{"line":74,"column":4},"end":{"line":80,"column":5}},"27":{"start":{"line":75,"column":20},"end":{"line":77,"column":7}},"28":{"start":{"line":78,"column":6},"end":{"line":78,"column":25}},"29":{"start":{"line":79,"column":6},"end":{"line":79,"column":18}},"30":{"start":{"line":82,"column":4},"end":{"line":82,"column":46}},"31":{"start":{"line":84,"column":4},"end":{"line":84,"column":16}}},"fnMap":{"0":{"name":"(anonymous_0)","decl":{"start":{"line":4,"column":10},"end":{"line":4,"column":11}},"loc":{"start":{"line":4,"column":34},"end":{"line":20,"column":3}},"line":4},"1":{"name":"(anonymous_1)","decl":{"start":{"line":22,"column":10},"end":{"line":22,"column":11}},"loc":{"start":{"line":22,"column":28},"end":{"line":24,"column":3}},"line":22},"2":{"name":"(anonymous_2)","decl":{"start":{"line":26,"column":10},"end":{"line":26,"column":11}},"loc":{"start":{"line":26,"column":32},"end":{"line":40,"column":3}},"line":26},"3":{"name":"(anonymous_3)","decl":{"start":{"line":42,"column":10},"end":{"line":42,"column":11}},"loc":{"start":{"line":42,"column":38},"end":{"line":59,"column":3}},"line":42},"4":{"name":"(anonymous_4)","decl":{"start":{"line":61,"column":10},"end":{"line":61,"column":11}},"loc":{"start":{"line":61,"column":32},"end":{"line":85,"column":3}},"line":61}},"branchMap":{"0":{"loc":{"start":{"line":7,"column":4},"end":{"line":11,"column":5}},"type":"if","locations":[{"start":{"line":7,"column":4},"end":{"line":11,"column":5}},{"start":{},"end":{}}],"line":7},"1":{"loc":{"start":{"line":7,"column":8},"end":{"line":7,"column":23}},"type":"binary-expr","locations":[{"start":{"line":7,"column":8},"end":{"line":7,"column":13}},{"start":{"line":7,"column":17},"end":{"line":7,"column":23}}],"line":7},"2":{"loc":{"start":{"line":17,"column":13},"end":{"line":17,"column":26}},"type":"binary-expr","locations":[{"start":{"line":17,"column":13},"end":{"line":17,"column":18}},{"start":{"line":17,"column":22},"end":{"line":17,"column":26}}],"line":17},"3":{"loc":{"start":{"line":33,"column":4},"end":{"line":37,"column":5}},"type":"if","locations":[{"start":{"line":33,"column":4},"end":{"line":37,"column":5}},{"start":{},"end":{}}],"line":33},"4":{"loc":{"start":{"line":45,"column":4},"end":{"line":49,"column":5}},"type":"if","locations":[{"start":{"line":45,"column":4},"end":{"line":49,"column":5}},{"start":{},"end":{}}],"line":45},"5":{"loc":{"start":{"line":54,"column":12},"end":{"line":54,"column":31}},"type":"binary-expr","locations":[{"start":{"line":54,"column":12},"end":{"line":54,"column":16}},{"start":{"line":54,"column":20},"end":{"line":54,"column":31}}],"line":54},"6":{"loc":{"start":{"line":55,"column":15},"end":{"line":55,"column":40}},"type":"binary-expr","locations":[{"start":{"line":55,"column":15},"end":{"line":55,"column":22}},{"start":{"line":55,"column":26},"end":{"line":55,"column":40}}],"line":55},"7":{"loc":{"start":{"line":56,"column":13},"end":{"line":56,"column":34}},"type":"binary-expr","locations":[{"start":{"line":56,"column":13},"end":{"line":56,"column":18}},{"start":{"line":56,"column":22},"end":{"line":56,"column":34}}],"line":56},"8":{"loc":{"start":{"line":57,"column":13},"end":{"line":57,"column":34}},"type":"binary-expr","locations":[{"start":{"line":57,"column":13},"end":{"line":57,"column":18}},{"start":{"line":57,"column":22},"end":{"line":57,"column":34}}],"line":57},"9":{"loc":{"start":{"line":68,"column":4},"end":{"line":72,"column":5}},"type":"if","locations":[{"start":{"line":68,"column":4},"end":{"line":72,"column":5}},{"start":{},"end":{}}],"line":68},"10":{"loc":{"start":{"line":74,"column":4},"end":{"line":80,"column":5}},"type":"if","locations":[{"start":{"line":74,"column":4},"end":{"line":80,"column":5}},{"start":{},"end":{}}],"line":74}},"s":{"0":1,"1":2,"2":2,"3":1,"4":1,"5":1,"6":1,"7":1,"8":2,"9":2,"10":1,"11":1,"12":1,"13":1,"14":2,"15":2,"16":1,"17":1,"18":1,"19":1,"20":1,"21":3,"22":3,"23":1,"24":1,"25":1,"26":2,"27":1,"28":1,"29":1,"30":1,"31":1},"f":{"0":2,"1":1,"2":2,"3":2,"4":3},"b":{"0":[1,1],"1":[2,1],"2":[1,1],"3":[1,1],"4":[1,1],"5":[1,0],"6":[1,1],"7":[1,1],"8":[1,1],"9":[1,2],"10":[1,1]},"inputSourceMap":null,"_coverageSchema":"1a1c01bbd47fc00a2c39e90264f33305004495a9","hash":"889bb83afb217cbcbe7ed1707253a933fe6e793b"}
,"C:\\xampp\\htdocs\\Proyectos-Porfolio\\Manicura-turnos\\backend\\src\\modules\\dashboard\\dashboard.service.js": {"path":"C:\\xampp\\htdocs\\Proyectos-Porfolio\\Manicura-turnos\\backend\\src\\modules\\dashboard\\dashboard.service.js","statementMap":{"0":{"start":{"line":3,"column":19},"end":{"line":24,"column":1}},"1":{"start":{"line":10,"column":8},"end":{"line":15,"column":6}},"2":{"start":{"line":17,"column":4},"end":{"line":22,"column":6}}},"fnMap":{"0":{"name":"(anonymous_0)","decl":{"start":{"line":4,"column":12},"end":{"line":4,"column":13}},"loc":{"start":{"line":4,"column":24},"end":{"line":23,"column":3}},"line":4}},"branchMap":{},"s":{"0":1,"1":1,"2":1},"f":{"0":1},"b":{},"inputSourceMap":null,"_coverageSchema":"1a1c01bbd47fc00a2c39e90264f33305004495a9","hash":"d0d4f2ab4af8aed165b27f7d39021b47b02b1f87"}
,"C:\\xampp\\htdocs\\Proyectos-Porfolio\\Manicura-turnos\\backend\\src\\modules\\service\\service.service.js": {"path":"C:\\xampp\\htdocs\\Proyectos-Porfolio\\Manicura-turnos\\backend\\src\\modules\\service\\service.service.js","statementMap":{"0":{"start":{"line":3,"column":23},"end":{"line":110,"column":1}},"1":{"start":{"line":5,"column":68},"end":{"line":5,"column":72}},"2":{"start":{"line":6,"column":19},"end":{"line":6,"column":26}},"3":{"start":{"line":8,"column":19},"end":{"line":8,"column":67}},"4":{"start":{"line":10,"column":4},"end":{"line":14,"column":5}},"5":{"start":{"line":11,"column":20},"end":{"line":11,"column":69}},"6":{"start":{"line":12,"column":6},"end":{"line":12,"column":25}},"7":{"start":{"line":13,"column":6},"end":{"line":13,"column":18}},"8":{"start":{"line":16,"column":4},"end":{"line":23,"column":7}},"9":{"start":{"line":27,"column":4},"end":{"line":27,"column":75}},"10":{"start":{"line":31,"column":20},"end":{"line":31,"column":56}},"11":{"start":{"line":33,"column":4},"end":{"line":37,"column":5}},"12":{"start":{"line":34,"column":20},"end":{"line":34,"column":55}},"13":{"start":{"line":35,"column":6},"end":{"line":35,"column":25}},"14":{"start":{"line":36,"column":6},"end":{"line":36,"column":18}},"15":{"start":{"line":39,"column":4},"end":{"line":43,"column":5}},"16":{"start":{"line":40,"column":20},"end":{"line":40,"column":46}},"17":{"start":{"line":41,"column":6},"end":{"line":41,"column":25}},"18":{"start":{"line":42,"column":6},"end":{"line":42,"column":18}},"19":{"start":{"line":45,"column":4},"end":{"line":45,"column":19}},"20":{"start":{"line":49,"column":21},"end":{"line":49,"column":57}},"21":{"start":{"line":51,"column":4},"end":{"line":55,"column":5}},"22":{"start":{"line":52,"column":20},"end":{"line":52,"column":55}},"23":{"start":{"line":53,"column":6},"end":{"line":53,"column":25}},"24":{"start":{"line":54,"column":6},"end":{"line":54,"column":18}},"25":{"start":{"line":57,"column":4},"end":{"line":61,"column":5}},"26":{"start":{"line":58,"column":20},"end":{"line":58,"column":46}},"27":{"start":{"line":59,"column":6},"end":{"line":59,"column":25}},"28":{"start":{"line":60,"column":6},"end":{"line":60,"column":18}},"29":{"start":{"line":63,"column":4},"end":{"line":75,"column":5}},"30":{"start":{"line":64,"column":24},"end":{"line":68,"column":7}},"31":{"start":{"line":70,"column":6},"end":{"line":74,"column":7}},"32":{"start":{"line":71,"column":22},"end":{"line":71,"column":73}},"33":{"start":{"line":72,"column":8},"end":{"line":72,"column":27}},"34":{"start":{"line":73,"column":8},"end":{"line":73,"column":20}},"35":{"start":{"line":77,"column":4},"end":{"line":77,"column":52}},"36":{"start":{"line":81,"column":21},"end":{"line":81,"column":57}},"37":{"start":{"line":83,"column":4},"end":{"line":87,"column":5}},"38":{"start":{"line":84,"column":20},"end":{"line":84,"column":55}},"39":{"start":{"line":85,"column":6},"end":{"line":85,"column":25}},"40":{"start":{"line":86,"column":6},"end":{"line":86,"column":18}},"41":{"start":{"line":89,"column":4},"end":{"line":93,"column":5}},"42":{"start":{"line":90,"column":20},"end":{"line":90,"column":46}},"43":{"start":{"line":91,"column":6},"end":{"line":91,"column":25}},"44":{"start":{"line":92,"column":6},"end":{"line":92,"column":18}},"45":{"start":{"line":95,"column":16},"end":{"line":95,"column":26}},"46":{"start":{"line":98,"column":6},"end":{"line":98,"column":77}},"47":{"start":{"line":100,"column":4},"end":{"line":104,"column":5}},"48":{"start":{"line":101,"column":20},"end":{"line":101,"column":77}},"49":{"start":{"line":102,"column":6},"end":{"line":102,"column":25}},"50":{"start":{"line":103,"column":6},"end":{"line":103,"column":18}},"51":{"start":{"line":106,"column":4},"end":{"line":108,"column":7}}},"fnMap":{"0":{"name":"(anonymous_0)","decl":{"start":{"line":4,"column":10},"end":{"line":4,"column":11}},"loc":{"start":{"line":4,"column":32},"end":{"line":24,"column":3}},"line":4},"1":{"name":"(anonymous_1)","decl":{"start":{"line":26,"column":10},"end":{"line":26,"column":11}},"loc":{"start":{"line":26,"column":43},"end":{"line":28,"column":3}},"line":26},"2":{"name":"(anonymous_2)","decl":{"start":{"line":30,"column":10},"end":{"line":30,"column":11}},"loc":{"start":{"line":30,"column":30},"end":{"line":46,"column":3}},"line":30},"3":{"name":"(anonymous_3)","decl":{"start":{"line":48,"column":10},"end":{"line":48,"column":11}},"loc":{"start":{"line":48,"column":36},"end":{"line":78,"column":3}},"line":48},"4":{"name":"(anonymous_4)","decl":{"start":{"line":80,"column":10},"end":{"line":80,"column":11}},"loc":{"start":{"line":80,"column":30},"end":{"line":109,"column":3}},"line":80}},"branchMap":{"0":{"loc":{"start":{"line":10,"column":4},"end":{"line":14,"column":5}},"type":"if","locations":[{"start":{"line":10,"column":4},"end":{"line":14,"column":5}},{"start":{},"end":{}}],"line":10},"1":{"loc":{"start":{"line":20,"column":16},"end":{"line":20,"column":32}},"type":"binary-expr","locations":[{"start":{"line":20,"column":16},"end":{"line":20,"column":24}},{"start":{"line":20,"column":28},"end":{"line":20,"column":32}}],"line":20},"2":{"loc":{"start":{"line":21,"column":19},"end":{"line":21,"column":38}},"type":"binary-expr","locations":[{"start":{"line":21,"column":19},"end":{"line":21,"column":30}},{"start":{"line":21,"column":34},"end":{"line":21,"column":38}}],"line":21},"3":{"loc":{"start":{"line":33,"column":4},"end":{"line":37,"column":5}},"type":"if","locations":[{"start":{"line":33,"column":4},"end":{"line":37,"column":5}},{"start":{},"end":{}}],"line":33},"4":{"loc":{"start":{"line":39,"column":4},"end":{"line":43,"column":5}},"type":"if","locations":[{"start":{"line":39,"column":4},"end":{"line":43,"column":5}},{"start":{},"end":{}}],"line":39},"5":{"loc":{"start":{"line":39,"column":8},"end":{"line":39,"column":59}},"type":"binary-expr","locations":[{"start":{"line":39,"column":8},"end":{"line":39,"column":29}},{"start":{"line":39,"column":33},"end":{"line":39,"column":59}}],"line":39},"6":{"loc":{"start":{"line":51,"column":4},"end":{"line":55,"column":5}},"type":"if","locations":[{"start":{"line":51,"column":4},"end":{"line":55,"column":5}},{"start":{},"end":{}}],"line":51},"7":{"loc":{"start":{"line":57,"column":4},"end":{"line":61,"column":5}},"type":"if","locations":[{"start":{"line":57,"column":4},"end":{"line":61,"column":5}},{"start":{},"end":{}}],"line":57},"8":{"loc":{"start":{"line":57,"column":8},"end":{"line":57,"column":60}},"type":"binary-expr","locations":[{"start":{"line":57,"column":8},"end":{"line":57,"column":29}},{"start":{"line":57,"column":33},"end":{"line":57,"column":60}}],"line":57},"9":{"loc":{"start":{"line":63,"column":4},"end":{"line":75,"column":5}},"type":"if","locations":[{"start":{"line":63,"column":4},"end":{"line":75,"column":5}},{"start":{},"end":{}}],"line":63},"10":{"loc":{"start":{"line":63,"column":8},"end":{"line":63,"column":48}},"type":"binary-expr","locations":[{"start":{"line":63,"column":8},"end":{"line":63,"column":17}},{"start":{"line":63,"column":21},"end":{"line":63,"column":48}}],"line":63},"11":{"loc":{"start":{"line":70,"column":6},"end":{"line":74,"column":7}},"type":"if","locations":[{"start":{"line":70,"column":6},"end":{"line":74,"column":7}},{"start":{},"end":{}}],"line":70},"12":{"loc":{"start":{"line":83,"column":4},"end":{"line":87,"column":5}},"type":"if","locations":[{"start":{"line":83,"column":4},"end":{"line":87,"column":5}},{"start":{},"end":{}}],"line":83},"13":{"loc":{"start":{"line":89,"column":4},"end":{"line":93,"column":5}},"type":"if","locations":[{"start":{"line":89,"column":4},"end":{"line":93,"column":5}},{"start":{},"end":{}}],"line":89},"14":{"loc":{"start":{"line":89,"column":8},"end":{"line":89,"column":60}},"type":"binary-expr","locations":[{"start":{"line":89,"column":8},"end":{"line":89,"column":29}},{"start":{"line":89,"column":33},"end":{"line":89,"column":60}}],"line":89},"15":{"loc":{"start":{"line":100,"column":4},"end":{"line":104,"column":5}},"type":"if","locations":[{"start":{"line":100,"column":4},"end":{"line":104,"column":5}},{"start":{},"end":{}}],"line":100}},"s":{"0":1,"1":2,"2":2,"3":2,"4":2,"5":1,"6":1,"7":1,"8":1,"9":1,"10":3,"11":3,"12":1,"13":1,"14":1,"15":2,"16":1,"17":1,"18":1,"19":1,"20":4,"21":4,"22":1,"23":1,"24":1,"25":3,"26":1,"27":1,"28":1,"29":2,"30":2,"31":2,"32":1,"33":1,"34":1,"35":1,"36":4,"37":4,"38":1,"39":1,"40":1,"41":3,"42":1,"43":1,"44":1,"45":2,"46":2,"47":2,"48":1,"49":1,"50":1,"51":1},"f":{"0":2,"1":1,"2":3,"3":4,"4":4},"b":{"0":[1,1],"1":[1,1],"2":[1,1],"3":[1,2],"4":[1,1],"5":[2,2],"6":[1,3],"7":[1,2],"8":[3,3],"9":[2,0],"10":[2,2],"11":[1,1],"12":[1,3],"13":[1,2],"14":[3,3],"15":[1,1]},"inputSourceMap":null,"_coverageSchema":"1a1c01bbd47fc00a2c39e90264f33305004495a9","hash":"87f870540da74e2bc73ab64f24e350ae7f442a78"}
,"C:\\xampp\\htdocs\\Proyectos-Porfolio\\Manicura-turnos\\backend\\src\\modules\\user\\user.service.js": {"path":"C:\\xampp\\htdocs\\Proyectos-Porfolio\\Manicura-turnos\\backend\\src\\modules\\user\\user.service.js","statementMap":{"0":{"start":{"line":4,"column":14},"end":{"line":126,"column":1}},"1":{"start":{"line":6,"column":4},"end":{"line":6,"column":42}},"2":{"start":{"line":10,"column":17},"end":{"line":10,"column":68}},"3":{"start":{"line":12,"column":4},"end":{"line":16,"column":5}},"4":{"start":{"line":13,"column":20},"end":{"line":13,"column":54}},"5":{"start":{"line":14,"column":6},"end":{"line":14,"column":25}},"6":{"start":{"line":15,"column":6},"end":{"line":15,"column":18}},"7":{"start":{"line":18,"column":4},"end":{"line":18,"column":16}},"8":{"start":{"line":22,"column":4},"end":{"line":28,"column":5}},"9":{"start":{"line":23,"column":20},"end":{"line":25,"column":7}},"10":{"start":{"line":26,"column":6},"end":{"line":26,"column":25}},"11":{"start":{"line":27,"column":6},"end":{"line":27,"column":18}},"12":{"start":{"line":30,"column":25},"end":{"line":33,"column":5}},"13":{"start":{"line":35,"column":4},"end":{"line":47,"column":5}},"14":{"start":{"line":36,"column":6},"end":{"line":42,"column":7}},"15":{"start":{"line":37,"column":22},"end":{"line":39,"column":9}},"16":{"start":{"line":40,"column":8},"end":{"line":40,"column":27}},"17":{"start":{"line":41,"column":8},"end":{"line":41,"column":20}},"18":{"start":{"line":44,"column":20},"end":{"line":44,"column":66}},"19":{"start":{"line":45,"column":6},"end":{"line":45,"column":25}},"20":{"start":{"line":46,"column":6},"end":{"line":46,"column":18}},"21":{"start":{"line":49,"column":27},"end":{"line":49,"column":58}},"22":{"start":{"line":51,"column":4},"end":{"line":59,"column":7}},"23":{"start":{"line":63,"column":17},"end":{"line":63,"column":58}},"24":{"start":{"line":65,"column":4},"end":{"line":69,"column":5}},"25":{"start":{"line":66,"column":20},"end":{"line":66,"column":54}},"26":{"start":{"line":67,"column":6},"end":{"line":67,"column":25}},"27":{"start":{"line":68,"column":6},"end":{"line":68,"column":18}},"28":{"start":{"line":71,"column":24},"end":{"line":76,"column":5}},"29":{"start":{"line":78,"column":4},"end":{"line":80,"column":5}},"30":{"start":{"line":79,"column":6},"end":{"line":79,"column":66}},"31":{"start":{"line":82,"column":4},"end":{"line":82,"column":64}},"32":{"start":{"line":86,"column":17},"end":{"line":86,"column":58}},"33":{"start":{"line":88,"column":4},"end":{"line":92,"column":5}},"34":{"start":{"line":89,"column":20},"end":{"line":89,"column":54}},"35":{"start":{"line":90,"column":6},"end":{"line":90,"column":25}},"36":{"start":{"line":91,"column":6},"end":{"line":91,"column":18}},"37":{"start":{"line":94,"column":4},"end":{"line":96,"column":7}},"38":{"start":{"line":100,"column":17},"end":{"line":100,"column":58}},"39":{"start":{"line":102,"column":4},"end":{"line":106,"column":5}},"40":{"start":{"line":103,"column":20},"end":{"line":103,"column":54}},"41":{"start":{"line":104,"column":6},"end":{"line":104,"column":25}},"42":{"start":{"line":105,"column":6},"end":{"line":105,"column":18}},"43":{"start":{"line":108,"column":4},"end":{"line":110,"column":7}},"44":{"start":{"line":114,"column":17},"end":{"line":114,"column":58}},"45":{"start":{"line":116,"column":4},"end":{"line":120,"column":5}},"46":{"start":{"line":117,"column":20},"end":{"line":117,"column":54}},"47":{"start":{"line":118,"column":6},"end":{"line":118,"column":25}},"48":{"start":{"line":119,"column":6},"end":{"line":119,"column":18}},"49":{"start":{"line":122,"column":4},"end":{"line":122,"column":44}},"50":{"start":{"line":124,"column":4},"end":{"line":124,"column":16}}},"fnMap":{"0":{"name":"(anonymous_0)","decl":{"start":{"line":5,"column":10},"end":{"line":5,"column":11}},"loc":{"start":{"line":5,"column":22},"end":{"line":7,"column":3}},"line":5},"1":{"name":"(anonymous_1)","decl":{"start":{"line":9,"column":10},"end":{"line":9,"column":11}},"loc":{"start":{"line":9,"column":24},"end":{"line":19,"column":3}},"line":9},"2":{"name":"(anonymous_2)","decl":{"start":{"line":21,"column":10},"end":{"line":21,"column":11}},"loc":{"start":{"line":21,"column":66},"end":{"line":60,"column":3}},"line":21},"3":{"name":"(anonymous_3)","decl":{"start":{"line":62,"column":10},"end":{"line":62,"column":11}},"loc":{"start":{"line":62,"column":30},"end":{"line":83,"column":3}},"line":62},"4":{"name":"(anonymous_4)","decl":{"start":{"line":85,"column":14},"end":{"line":85,"column":15}},"loc":{"start":{"line":85,"column":28},"end":{"line":97,"column":3}},"line":85},"5":{"name":"(anonymous_5)","decl":{"start":{"line":99,"column":14},"end":{"line":99,"column":15}},"loc":{"start":{"line":99,"column":28},"end":{"line":111,"column":3}},"line":99},"6":{"name":"(anonymous_6)","decl":{"start":{"line":113,"column":10},"end":{"line":113,"column":11}},"loc":{"start":{"line":113,"column":24},"end":{"line":125,"column":3}},"line":113}},"branchMap":{"0":{"loc":{"start":{"line":12,"column":4},"end":{"line":16,"column":5}},"type":"if","locations":[{"start":{"line":12,"column":4},"end":{"line":16,"column":5}},{"start":{},"end":{}}],"line":12},"1":{"loc":{"start":{"line":22,"column":4},"end":{"line":28,"column":5}},"type":"if","locations":[{"start":{"line":22,"column":4},"end":{"line":28,"column":5}},{"start":{},"end":{}}],"line":22},"2":{"loc":{"start":{"line":22,"column":8},"end":{"line":22,"column":40}},"type":"binary-expr","locations":[{"start":{"line":22,"column":8},"end":{"line":22,"column":17}},{"start":{"line":22,"column":21},"end":{"line":22,"column":27}},{"start":{"line":22,"column":31},"end":{"line":22,"column":40}}],"line":22},"3":{"loc":{"start":{"line":35,"column":4},"end":{"line":47,"column":5}},"type":"if","locations":[{"start":{"line":35,"column":4},"end":{"line":47,"column":5}},{"start":{},"end":{}}],"line":35},"4":{"loc":{"start":{"line":36,"column":6},"end":{"line":42,"column":7}},"type":"if","locations":[{"start":{"line":36,"column":6},"end":{"line":42,"column":7}},{"start":{},"end":{}}],"line":36},"5":{"loc":{"start":{"line":55,"column":12},"end":{"line":55,"column":32}},"type":"binary-expr","locations":[{"start":{"line":55,"column":12},"end":{"line":55,"column":16}},{"start":{"line":55,"column":20},"end":{"line":55,"column":32}}],"line":55},"6":{"loc":{"start":{"line":56,"column":15},"end":{"line":56,"column":40}},"type":"binary-expr","locations":[{"start":{"line":56,"column":15},"end":{"line":56,"column":22}},{"start":{"line":56,"column":26},"end":{"line":56,"column":40}}],"line":56},"7":{"loc":{"start":{"line":65,"column":4},"end":{"line":69,"column":5}},"type":"if","locations":[{"start":{"line":65,"column":4},"end":{"line":69,"column":5}},{"start":{},"end":{}}],"line":65},"8":{"loc":{"start":{"line":72,"column":16},"end":{"line":72,"column":46}},"type":"binary-expr","locations":[{"start":{"line":72,"column":16},"end":{"line":72,"column":29}},{"start":{"line":72,"column":33},"end":{"line":72,"column":46}}],"line":72},"9":{"loc":{"start":{"line":73,"column":13},"end":{"line":73,"column":37}},"type":"binary-expr","locations":[{"start":{"line":73,"column":13},"end":{"line":73,"column":23}},{"start":{"line":73,"column":27},"end":{"line":73,"column":37}}],"line":73},"10":{"loc":{"start":{"line":74,"column":12},"end":{"line":74,"column":34}},"type":"binary-expr","locations":[{"start":{"line":74,"column":12},"end":{"line":74,"column":21}},{"start":{"line":74,"column":25},"end":{"line":74,"column":34}}],"line":74},"11":{"loc":{"start":{"line":75,"column":15},"end":{"line":75,"column":43}},"type":"binary-expr","locations":[{"start":{"line":75,"column":15},"end":{"line":75,"column":27}},{"start":{"line":75,"column":31},"end":{"line":75,"column":43}}],"line":75},"12":{"loc":{"start":{"line":78,"column":4},"end":{"line":80,"column":5}},"type":"if","locations":[{"start":{"line":78,"column":4},"end":{"line":80,"column":5}},{"start":{},"end":{}}],"line":78},"13":{"loc":{"start":{"line":88,"column":4},"end":{"line":92,"column":5}},"type":"if","locations":[{"start":{"line":88,"column":4},"end":{"line":92,"column":5}},{"start":{},"end":{}}],"line":88},"14":{"loc":{"start":{"line":102,"column":4},"end":{"line":106,"column":5}},"type":"if","locations":[{"start":{"line":102,"column":4},"end":{"line":106,"column":5}},{"start":{},"end":{}}],"line":102},"15":{"loc":{"start":{"line":116,"column":4},"end":{"line":120,"column":5}},"type":"if","locations":[{"start":{"line":116,"column":4},"end":{"line":120,"column":5}},{"start":{},"end":{}}],"line":116}},"s":{"0":1,"1":1,"2":2,"3":2,"4":1,"5":1,"6":1,"7":1,"8":4,"9":1,"10":1,"11":1,"12":3,"13":3,"14":2,"15":1,"16":1,"17":1,"18":1,"19":1,"20":1,"21":1,"22":1,"23":3,"24":3,"25":1,"26":1,"27":1,"28":2,"29":2,"30":1,"31":2,"32":2,"33":2,"34":1,"35":1,"36":1,"37":1,"38":1,"39":1,"40":0,"41":0,"42":0,"43":1,"44":2,"45":2,"46":1,"47":1,"48":1,"49":1,"50":1},"f":{"0":1,"1":2,"2":4,"3":3,"4":2,"5":1,"6":2},"b":{"0":[1,1],"1":[1,3],"2":[4,4,3],"3":[2,1],"4":[1,1],"5":[1,1],"6":[1,1],"7":[1,2],"8":[2,2],"9":[2,2],"10":[2,1],"11":[2,2],"12":[1,1],"13":[1,1],"14":[0,1],"15":[1,1]},"inputSourceMap":null,"_coverageSchema":"1a1c01bbd47fc00a2c39e90264f33305004495a9","hash":"c9dfc913d5696660352aa745c9db9126c6b4991d"}
}
