TN:
SF:src\modules\appointment\appointment.service.js
FN:3,(anonymous_0)
FN:10,(anonymous_1)
FN:71,(anonymous_2)
FN:81,(anonymous_3)
FN:97,(anonymous_4)
FN:159,(anonymous_5)
FNF:6
FNH:6
FNDA:14,(anonymous_0)
FNDA:6,(anonymous_1)
FNDA:1,(anonymous_2)
FNDA:3,(anonymous_3)
FNDA:6,(anonymous_4)
FNDA:3,(anonymous_5)
DA:3,1
DA:4,14
DA:5,14
DA:6,14
DA:9,1
DA:11,6
DA:12,6
DA:14,6
DA:15,1
DA:18,5
DA:19,5
DA:21,5
DA:22,1
DA:25,4
DA:27,4
DA:28,0
DA:31,4
DA:32,1
DA:35,3
DA:40,3
DA:41,1
DA:44,2
DA:49,2
DA:50,0
DA:53,2
DA:58,2
DA:59,1
DA:62,1
DA:72,1
DA:74,1
DA:75,1
DA:78,1
DA:82,3
DA:84,3
DA:86,3
DA:87,1
DA:90,2
DA:91,1
DA:94,1
DA:98,6
DA:99,6
DA:102,6
DA:104,6
DA:105,1
DA:108,5
DA:109,1
DA:112,4
DA:113,4
DA:115,4
DA:117,4
DA:118,1
DA:121,3
DA:122,1
DA:125,2
DA:126,0
DA:127,0
DA:133,0
DA:134,0
DA:138,2
DA:139,2
DA:145,2
DA:146,1
DA:150,1
DA:160,3
DA:162,3
DA:164,3
DA:165,1
DA:168,2
DA:169,1
DA:172,1
DA:174,1
LF:71
LH:65
BRDA:14,0,0,1
BRDA:14,0,1,5
BRDA:14,1,0,6
BRDA:14,1,1,6
BRDA:14,1,2,5
BRDA:21,2,0,1
BRDA:21,2,1,4
BRDA:21,3,0,5
BRDA:21,3,1,4
BRDA:27,4,0,0
BRDA:27,4,1,4
BRDA:31,5,0,1
BRDA:31,5,1,3
BRDA:40,6,0,1
BRDA:40,6,1,2
BRDA:49,7,0,0
BRDA:49,7,1,2
BRDA:58,8,0,1
BRDA:58,8,1,1
BRDA:66,9,0,1
BRDA:66,9,1,0
BRDA:74,10,0,1
BRDA:74,10,1,0
BRDA:86,11,0,1
BRDA:86,11,1,2
BRDA:90,12,0,1
BRDA:90,12,1,1
BRDA:90,13,0,2
BRDA:90,13,1,2
BRDA:104,14,0,1
BRDA:104,14,1,5
BRDA:108,15,0,1
BRDA:108,15,1,4
BRDA:108,16,0,5
BRDA:108,16,1,5
BRDA:115,17,0,4
BRDA:115,17,1,0
BRDA:117,18,0,1
BRDA:117,18,1,3
BRDA:117,19,0,4
BRDA:117,19,1,4
BRDA:121,20,0,1
BRDA:121,20,1,2
BRDA:121,21,0,3
BRDA:121,21,1,3
BRDA:125,22,0,0
BRDA:125,22,1,2
BRDA:126,23,0,0
BRDA:126,23,1,0
BRDA:126,24,0,0
BRDA:126,24,1,0
BRDA:133,25,0,0
BRDA:133,25,1,0
BRDA:138,26,0,2
BRDA:138,26,1,0
BRDA:145,27,0,1
BRDA:145,27,1,1
BRDA:151,28,0,0
BRDA:151,28,1,1
BRDA:152,29,0,0
BRDA:152,29,1,1
BRDA:152,30,0,0
BRDA:152,30,1,1
BRDA:153,31,0,1
BRDA:153,31,1,0
BRDA:154,32,0,1
BRDA:154,32,1,1
BRDA:155,33,0,1
BRDA:155,33,1,1
BRDA:164,34,0,1
BRDA:164,34,1,2
BRDA:168,35,0,1
BRDA:168,35,1,1
BRDA:168,36,0,2
BRDA:168,36,1,2
BRF:75
BRH:58
end_of_record
TN:
SF:src\modules\appointmentFilters\appointmentFilters.service.js
FN:4,(anonymous_0)
FNF:1
FNH:1
FNDA:5,(anonymous_0)
DA:3,1
DA:5,5
DA:7,5
DA:9,5
DA:10,4
DA:12,4
DA:13,3
DA:14,3
DA:15,1
DA:16,1
DA:17,1
DA:19,2
DA:22,3
DA:23,2
DA:24,2
DA:25,1
DA:26,1
DA:27,1
DA:29,1
DA:33,3
LF:20
LH:20
BRDA:7,0,0,2
BRDA:7,0,1,3
BRDA:9,1,0,4
BRDA:9,1,1,1
BRDA:9,2,0,5
BRDA:9,2,1,2
BRDA:12,3,0,3
BRDA:12,3,1,1
BRDA:14,4,0,1
BRDA:14,4,1,2
BRDA:22,5,0,2
BRDA:22,5,1,1
BRDA:24,6,0,1
BRDA:24,6,1,1
BRF:14
BRH:14
end_of_record
TN:
SF:src\modules\auth\auth.service.js
FN:6,(anonymous_0)
FN:87,(anonymous_1)
FNF:2
FNH:2
FNDA:5,(anonymous_0)
FNDA:5,(anonymous_1)
DA:5,1
DA:7,5
DA:9,5
DA:11,5
DA:12,1
DA:13,1
DA:14,1
DA:17,4
DA:18,1
DA:21,1
DA:22,1
DA:25,3
DA:26,3
DA:27,3
DA:28,3
DA:30,3
DA:31,0
DA:32,0
DA:33,0
DA:36,3
DA:38,3
DA:40,3
DA:41,1
DA:46,1
DA:47,0
DA:48,0
DA:49,0
DA:52,1
DA:61,2
DA:62,1
DA:63,1
DA:64,1
DA:67,1
DA:69,1
DA:70,0
DA:71,0
DA:72,0
DA:75,1
DA:88,5
DA:90,5
DA:91,1
DA:92,1
DA:93,1
DA:96,4
DA:98,4
DA:99,1
DA:100,1
DA:101,1
DA:104,3
DA:105,1
DA:106,1
DA:107,1
DA:110,2
DA:112,2
DA:113,1
DA:114,1
DA:115,1
DA:118,1
DA:124,1
LF:59
LH:50
BRDA:11,0,0,1
BRDA:11,0,1,4
BRDA:11,1,0,5
BRDA:11,1,1,5
BRDA:17,2,0,1
BRDA:17,2,1,3
BRDA:17,3,0,4
BRDA:17,3,1,4
BRDA:17,3,2,3
BRDA:17,3,3,3
BRDA:17,3,4,3
BRDA:30,4,0,0
BRDA:30,4,1,3
BRDA:30,5,0,3
BRDA:30,5,1,3
BRDA:30,5,2,3
BRDA:30,5,3,3
BRDA:40,6,0,1
BRDA:40,6,1,2
BRDA:40,7,0,3
BRDA:40,7,1,2
BRDA:46,8,0,0
BRDA:46,8,1,1
BRDA:55,9,0,1
BRDA:55,9,1,1
BRDA:61,10,0,1
BRDA:61,10,1,1
BRDA:69,11,0,0
BRDA:69,11,1,1
BRDA:80,12,0,1
BRDA:80,12,1,1
BRDA:90,13,0,1
BRDA:90,13,1,4
BRDA:90,14,0,5
BRDA:90,14,1,4
BRDA:98,15,0,1
BRDA:98,15,1,3
BRDA:104,16,0,1
BRDA:104,16,1,2
BRDA:112,17,0,1
BRDA:112,17,1,1
BRF:41
BRH:38
end_of_record
TN:
SF:src\modules\client\client.service.js
FN:4,(anonymous_0)
FN:22,(anonymous_1)
FN:26,(anonymous_2)
FN:42,(anonymous_3)
FN:61,(anonymous_4)
FNF:5
FNH:5
FNDA:2,(anonymous_0)
FNDA:1,(anonymous_1)
FNDA:2,(anonymous_2)
FNDA:2,(anonymous_3)
FNDA:3,(anonymous_4)
DA:3,1
DA:5,2
DA:7,2
DA:8,1
DA:9,1
DA:10,1
DA:13,1
DA:23,1
DA:27,2
DA:33,2
DA:34,1
DA:35,1
DA:36,1
DA:39,1
DA:43,2
DA:45,2
DA:46,1
DA:47,1
DA:48,1
DA:51,1
DA:53,1
DA:62,3
DA:68,3
DA:69,1
DA:70,1
DA:71,1
DA:74,2
DA:75,1
DA:78,1
DA:79,1
DA:82,1
DA:84,1
LF:32
LH:32
BRDA:7,0,0,1
BRDA:7,0,1,1
BRDA:7,1,0,2
BRDA:7,1,1,1
BRDA:17,2,0,1
BRDA:17,2,1,1
BRDA:33,3,0,1
BRDA:33,3,1,1
BRDA:45,4,0,1
BRDA:45,4,1,1
BRDA:54,5,0,1
BRDA:54,5,1,0
BRDA:55,6,0,1
BRDA:55,6,1,1
BRDA:56,7,0,1
BRDA:56,7,1,1
BRDA:57,8,0,1
BRDA:57,8,1,1
BRDA:68,9,0,1
BRDA:68,9,1,2
BRDA:74,10,0,1
BRDA:74,10,1,1
BRF:22
BRH:21
end_of_record
TN:
SF:src\modules\dashboard\dashboard.service.js
FN:4,(anonymous_0)
FNF:1
FNH:1
FNDA:1,(anonymous_0)
DA:3,1
DA:10,1
DA:17,1
LF:3
LH:3
BRF:0
BRH:0
end_of_record
TN:
SF:src\modules\service\service.service.js
FN:4,(anonymous_0)
FN:26,(anonymous_1)
FN:30,(anonymous_2)
FN:48,(anonymous_3)
FN:80,(anonymous_4)
FNF:5
FNH:5
FNDA:2,(anonymous_0)
FNDA:1,(anonymous_1)
FNDA:3,(anonymous_2)
FNDA:4,(anonymous_3)
FNDA:4,(anonymous_4)
DA:3,1
DA:5,2
DA:6,2
DA:8,2
DA:10,2
DA:11,1
DA:12,1
DA:13,1
DA:16,1
DA:27,1
DA:31,3
DA:33,3
DA:34,1
DA:35,1
DA:36,1
DA:39,2
DA:40,1
DA:41,1
DA:42,1
DA:45,1
DA:49,4
DA:51,4
DA:52,1
DA:53,1
DA:54,1
DA:57,3
DA:58,1
DA:59,1
DA:60,1
DA:63,2
DA:64,2
DA:70,2
DA:71,1
DA:72,1
DA:73,1
DA:77,1
DA:81,4
DA:83,4
DA:84,1
DA:85,1
DA:86,1
DA:89,3
DA:90,1
DA:91,1
DA:92,1
DA:95,2
DA:98,2
DA:100,2
DA:101,1
DA:102,1
DA:103,1
DA:106,1
LF:52
LH:52
BRDA:10,0,0,1
BRDA:10,0,1,1
BRDA:20,1,0,1
BRDA:20,1,1,1
BRDA:21,2,0,1
BRDA:21,2,1,1
BRDA:33,3,0,1
BRDA:33,3,1,2
BRDA:39,4,0,1
BRDA:39,4,1,1
BRDA:39,5,0,2
BRDA:39,5,1,2
BRDA:51,6,0,1
BRDA:51,6,1,3
BRDA:57,7,0,1
BRDA:57,7,1,2
BRDA:57,8,0,3
BRDA:57,8,1,3
BRDA:63,9,0,2
BRDA:63,9,1,0
BRDA:63,10,0,2
BRDA:63,10,1,2
BRDA:70,11,0,1
BRDA:70,11,1,1
BRDA:83,12,0,1
BRDA:83,12,1,3
BRDA:89,13,0,1
BRDA:89,13,1,2
BRDA:89,14,0,3
BRDA:89,14,1,3
BRDA:100,15,0,1
BRDA:100,15,1,1
BRF:32
BRH:31
end_of_record
TN:
SF:src\modules\user\user.service.js
FN:5,(anonymous_0)
FN:9,(anonymous_1)
FN:21,(anonymous_2)
FN:62,(anonymous_3)
FN:85,(anonymous_4)
FN:99,(anonymous_5)
FN:113,(anonymous_6)
FNF:7
FNH:7
FNDA:1,(anonymous_0)
FNDA:2,(anonymous_1)
FNDA:4,(anonymous_2)
FNDA:3,(anonymous_3)
FNDA:2,(anonymous_4)
FNDA:1,(anonymous_5)
FNDA:2,(anonymous_6)
DA:4,1
DA:6,1
DA:10,2
DA:12,2
DA:13,1
DA:14,1
DA:15,1
DA:18,1
DA:22,4
DA:23,1
DA:26,1
DA:27,1
DA:30,3
DA:35,3
DA:36,2
DA:37,1
DA:40,1
DA:41,1
DA:44,1
DA:45,1
DA:46,1
DA:49,1
DA:51,1
DA:63,3
DA:65,3
DA:66,1
DA:67,1
DA:68,1
DA:71,2
DA:78,2
DA:79,1
DA:82,2
DA:86,2
DA:88,2
DA:89,1
DA:90,1
DA:91,1
DA:94,1
DA:100,1
DA:102,1
DA:103,0
DA:104,0
DA:105,0
DA:108,1
DA:114,2
DA:116,2
DA:117,1
DA:118,1
DA:119,1
DA:122,1
DA:124,1
LF:51
LH:48
BRDA:12,0,0,1
BRDA:12,0,1,1
BRDA:22,1,0,1
BRDA:22,1,1,3
BRDA:22,2,0,4
BRDA:22,2,1,4
BRDA:22,2,2,3
BRDA:35,3,0,2
BRDA:35,3,1,1
BRDA:36,4,0,1
BRDA:36,4,1,1
BRDA:55,5,0,1
BRDA:55,5,1,1
BRDA:56,6,0,1
BRDA:56,6,1,1
BRDA:65,7,0,1
BRDA:65,7,1,2
BRDA:72,8,0,2
BRDA:72,8,1,2
BRDA:73,9,0,2
BRDA:73,9,1,2
BRDA:74,10,0,2
BRDA:74,10,1,1
BRDA:75,11,0,2
BRDA:75,11,1,2
BRDA:78,12,0,1
BRDA:78,12,1,1
BRDA:88,13,0,1
BRDA:88,13,1,1
BRDA:102,14,0,0
BRDA:102,14,1,1
BRDA:116,15,0,1
BRDA:116,15,1,1
BRF:33
BRH:32
end_of_record
